[    3251ms] [INFO] Banner not shown: beforeinstallpromptevent.preventDefault() called. The page must call beforeinstallpromptevent.prompt() to show the banner. @ https://www.instagram.com/projectxolvon:0
[    3448ms] [LOG] 
%cStop! font-family:helvetica; font-size:20px; font-size:50px; font-weight:bold; color:red; -webkit-text-stroke:1px black; @ https://static.cdninstagram.com/rsrc.php/v4/yX/r/4wLeY5_5Fx0.js:246
[    3449ms] [LOG] 
%cThis is a browser feature intended for developers. If someone told you to copy-paste something here to enable an Instagram feature or "hack" someone's account, it is a scam and will give them access to your Instagram account. font-family:helvetica; font-size:20px;  @ https://static.cdninstagram.com/rsrc.php/v4/yX/r/4wLeY5_5Fx0.js:246
[    3449ms] [LOG] 
%cSee https://www.facebook.com/selfxss for more information. font-family:helvetica; font-size:20px;  @ https://static.cdninstagram.com/rsrc.php/v4/yX/r/4wLeY5_5Fx0.js:246
[    3450ms] [LOG] 
%c  @ https://static.cdninstagram.com/rsrc.php/v4/yX/r/4wLeY5_5Fx0.js:246
[    4175ms] [ERROR] Access to XMLHttpRequest at 'https://web.facebook.com/ig_xsite_user_info/?_rdc=1&_rdr#' (redirected from 'https://www.facebook.com/ig_xsite_user_info/') from origin 'https://www.instagram.com' has been blocked by CORS policy: No 'Access-Control-Allow-Origin' header is present on the requested resource. @ https://www.instagram.com/projectxolvon:0
[    4176ms] [ERROR] Failed to load resource: net::ERR_FAILED @ https://web.facebook.com/ig_xsite_user_info/?_rdc=1&_rdr#:0
[    5045ms] [ERROR] Access to XMLHttpRequest at 'https://web.facebook.com/ig_xsite_user_info/?_rdc=1&_rdr#' (redirected from 'https://www.facebook.com/ig_xsite_user_info/') from origin 'https://www.instagram.com' has been blocked by CORS policy: No 'Access-Control-Allow-Origin' header is present on the requested resource. @ https://www.instagram.com/projectxolvon:0
[    5046ms] [ERROR] Failed to load resource: net::ERR_FAILED @ https://web.facebook.com/ig_xsite_user_info/?_rdc=1&_rdr#:0
[    5917ms] [ERROR] Access to XMLHttpRequest at 'https://web.facebook.com/ig_xsite_user_info/?_rdc=1&_rdr#' (redirected from 'https://www.facebook.com/ig_xsite_user_info/') from origin 'https://www.instagram.com' has been blocked by CORS policy: No 'Access-Control-Allow-Origin' header is present on the requested resource. @ https://www.instagram.com/projectxolvon:0
[    5918ms] [ERROR] Failed to load resource: net::ERR_FAILED @ https://web.facebook.com/ig_xsite_user_info/?_rdc=1&_rdr#:0
[    7265ms] [ERROR] Failed to load resource: the server responded with a status of 400 () @ https://www.instagram.com/graphql/query/?doc_id=18113378221181848&variables=%7B%22include_chaining%22%3Afalse%2C%22include_highlight_reels%22%3Atrue%2C%22include_live_status%22%3Afalse%2C%22include_logged_out_extras%22%3Atrue%2C%22include_reel%22%3Afalse%2C%22include_suggested_users%22%3Afalse%2C%22user_id%22%3A%2278261809441%22%7D:0
[    7408ms] [ERROR] ErrorUtils caught an error:

 [Caught in: unexpected]

Subsequent non-fatal errors won't be logged; see https://fburl.com/debugjs. {clientTime: 1783079948, extra: Object, guardList: Array(0), hash: zfowzz, isNormalizedError: true} @ https://static.cdninstagram.com/rsrc.php/v4/yX/r/4wLeY5_5Fx0.js:79
[  166607ms] [ERROR] Failed to load resource: net::ERR_INSUFFICIENT_RESOURCES @ https://www.instagram.com/ajax/bz?__a=1&__ccg=GOOD&__comet_req=7&__crn=comet.igweb.PolarisProfileRoute&__d=www&__hs=20637.HYP%3Ainstagram_web_pkg.2.1...0&__hsi=7658270060652835223&__req=r&__rev=1042604290&__s=%3Aiusxy5%3Aprntlk&__spin_b=trunk&__spin_r=1042604290&__spin_t=1783079947&__user=0&dpr=1&jazoest=22382&lsd=AdRf3q0NrzqdXKScvn9Z1-wjdJQ&ph=C3:0
