[    2230ms] [INFO] Banner not shown: beforeinstallpromptevent.preventDefault() called. The page must call beforeinstallpromptevent.prompt() to show the banner. @ https://www.instagram.com/projectxolvon:0
[    2338ms] [LOG] 
%cStop! font-family:helvetica; font-size:20px; font-size:50px; font-weight:bold; color:red; -webkit-text-stroke:1px black; @ https://static.cdninstagram.com/rsrc.php/v4/yX/r/4wLeY5_5Fx0.js:246
[    2339ms] [LOG] 
%cThis is a browser feature intended for developers. If someone told you to copy-paste something here to enable an Instagram feature or "hack" someone's account, it is a scam and will give them access to your Instagram account. font-family:helvetica; font-size:20px;  @ https://static.cdninstagram.com/rsrc.php/v4/yX/r/4wLeY5_5Fx0.js:246
[    2339ms] [LOG] 
%cSee https://www.facebook.com/selfxss for more information. font-family:helvetica; font-size:20px;  @ https://static.cdninstagram.com/rsrc.php/v4/yX/r/4wLeY5_5Fx0.js:246
[    2339ms] [LOG] 
%c  @ https://static.cdninstagram.com/rsrc.php/v4/yX/r/4wLeY5_5Fx0.js:246
[    2948ms] [ERROR] Access to XMLHttpRequest at 'https://web.facebook.com/ig_xsite_user_info/?_rdc=1&_rdr#' (redirected from 'https://www.facebook.com/ig_xsite_user_info/') from origin 'https://www.instagram.com' has been blocked by CORS policy: No 'Access-Control-Allow-Origin' header is present on the requested resource. @ https://www.instagram.com/projectxolvon:0
[    2948ms] [ERROR] Failed to load resource: net::ERR_FAILED @ https://web.facebook.com/ig_xsite_user_info/?_rdc=1&_rdr#:0
[    3790ms] [ERROR] Access to XMLHttpRequest at 'https://web.facebook.com/ig_xsite_user_info/?_rdc=1&_rdr#' (redirected from 'https://www.facebook.com/ig_xsite_user_info/') from origin 'https://www.instagram.com' has been blocked by CORS policy: No 'Access-Control-Allow-Origin' header is present on the requested resource. @ https://www.instagram.com/projectxolvon:0
[    3791ms] [ERROR] Failed to load resource: net::ERR_FAILED @ https://web.facebook.com/ig_xsite_user_info/?_rdc=1&_rdr#:0
[    4579ms] [ERROR] Access to XMLHttpRequest at 'https://web.facebook.com/ig_xsite_user_info/?_rdc=1&_rdr#' (redirected from 'https://www.facebook.com/ig_xsite_user_info/') from origin 'https://www.instagram.com' has been blocked by CORS policy: No 'Access-Control-Allow-Origin' header is present on the requested resource. @ https://www.instagram.com/projectxolvon:0
[    4580ms] [ERROR] Failed to load resource: net::ERR_FAILED @ https://web.facebook.com/ig_xsite_user_info/?_rdc=1&_rdr#:0
[    6408ms] [ERROR] Failed to load resource: the server responded with a status of 400 () @ https://www.instagram.com/graphql/query/?doc_id=18113378221181848&variables=%7B%22include_chaining%22%3Afalse%2C%22include_highlight_reels%22%3Atrue%2C%22include_live_status%22%3Afalse%2C%22include_logged_out_extras%22%3Atrue%2C%22include_reel%22%3Afalse%2C%22include_suggested_users%22%3Afalse%2C%22user_id%22%3A%2278261809441%22%7D:0
[    6414ms] [ERROR] ErrorUtils caught an error:

 [Caught in: unexpected]

Subsequent non-fatal errors won't be logged; see https://fburl.com/debugjs. {clientTime: 1783169418, extra: Object, guardList: Array(0), hash: awmrnh, isNormalizedError: true} @ https://static.cdninstagram.com/rsrc.php/v4/yX/r/4wLeY5_5Fx0.js:79
[   22625ms] [VERBOSE] [DOM] Input elements should have autocomplete attributes (suggested: "current-password"): (More info: https://goo.gl/9p2vKq) %o @ https://www.instagram.com/accounts/login/?source=desktop_dynamic_landing_dialog:0
[   23197ms] [ERROR] Access to XMLHttpRequest at 'https://web.facebook.com/ig_xsite_user_obid/?_rdc=1&_rdr#' (redirected from 'https://www.facebook.com/ig_xsite_user_obid/') from origin 'https://www.instagram.com' has been blocked by CORS policy: No 'Access-Control-Allow-Origin' header is present on the requested resource. @ https://www.instagram.com/accounts/login/?source=desktop_dynamic_landing_dialog:0
[   23198ms] [ERROR] Failed to load resource: net::ERR_FAILED @ https://web.facebook.com/ig_xsite_user_obid/?_rdc=1&_rdr#:0
[   24010ms] [ERROR] Access to XMLHttpRequest at 'https://web.facebook.com/ig_xsite_user_obid/?_rdc=1&_rdr#' (redirected from 'https://www.facebook.com/ig_xsite_user_obid/') from origin 'https://www.instagram.com' has been blocked by CORS policy: No 'Access-Control-Allow-Origin' header is present on the requested resource. @ https://www.instagram.com/accounts/login/?source=desktop_dynamic_landing_dialog:0
[   24010ms] [ERROR] Failed to load resource: net::ERR_FAILED @ https://web.facebook.com/ig_xsite_user_obid/?_rdc=1&_rdr#:0
[   24878ms] [ERROR] Access to XMLHttpRequest at 'https://web.facebook.com/ig_xsite_user_obid/?_rdc=1&_rdr#' (redirected from 'https://www.facebook.com/ig_xsite_user_obid/') from origin 'https://www.instagram.com' has been blocked by CORS policy: No 'Access-Control-Allow-Origin' header is present on the requested resource. @ https://www.instagram.com/accounts/login/?source=desktop_dynamic_landing_dialog:0
[   24879ms] [ERROR] Failed to load resource: net::ERR_FAILED @ https://web.facebook.com/ig_xsite_user_obid/?_rdc=1&_rdr#:0
